This is pdfTeX, Version 3.1415926-2.5-1.40.14 (MiKTeX 2.9 64-bit) (preloaded format=pdflatex 2013.10.1)  3 JUN 2019 16:20
entering extended mode
**2019-06-03-finalizacao.tex

("C:\Users\Administrador\Documents\GitHub\ia369-reprodutibilidade-cientifica\de
velopment notebooks\2019-06-03-finalizacao.tex"
LaTeX2e <2011/06/27>
Babel <v3.8m> and hyphenation patterns for english, afrikaans, ancientgreek, ar
abic, armenian, assamese, basque, bengali, bokmal, bulgarian, catalan, coptic, 
croatian, czech, danish, dutch, esperanto, estonian, farsi, finnish, french, ga
lician, german, german-x-2013-05-26, greek, gujarati, hindi, hungarian, iceland
ic, indonesian, interlingua, irish, italian, kannada, kurmanji, latin, latvian,
 lithuanian, malayalam, marathi, mongolian, mongolianlmc, monogreek, ngerman, n
german-x-2013-05-26, nynorsk, oriya, panjabi, pinyin, polish, portuguese, roman
ian, russian, sanskrit, serbian, slovak, slovenian, spanish, swedish, swissgerm
an, tamil, telugu, turkish, turkmen, ukenglish, ukrainian, uppersorbian, usengl
ishmax, welsh, loaded.

("C:\Users\Administrador\AppData\Local\Programs\MiKTeX 2.9\tex\latex\base\artic
le.cls"
Document Class: article 2014/09/29 v1.4h Standard LaTeX document class

("C:\Users\Administrador\AppData\Local\Programs\MiKTeX 2.9\tex\latex\base\size1
1.clo"
File: size11.clo 2014/09/29 v1.4h Standard LaTeX file (size option)
)
\c@part=\count79
\c@section=\count80
\c@subsection=\count81
\c@subsubsection=\count82
\c@paragraph=\count83
\c@subparagraph=\count84
\c@figure=\count85
\c@table=\count86
\abovecaptionskip=\skip41
\belowcaptionskip=\skip42
\bibindent=\dimen102
)
("C:\Users\Administrador\AppData\Local\Programs\MiKTeX 2.9\tex\latex\base\fonte
nc.sty"
Package: fontenc 2017/04/05 v2.0i Standard LaTeX package

("C:\Users\Administrador\AppData\Local\Programs\MiKTeX 2.9\tex\latex\base\t1enc
.def"
File: t1enc.def 2017/04/05 v2.0i Standard LaTeX file
LaTeX Font Info:    Redeclaring font encoding T1 on input line 48.
))
("C:\Users\Administrador\AppData\Local\Programs\MiKTeX 2.9\tex\latex\psnfss\mat
hpazo.sty"
Package: mathpazo 2005/04/12 PSNFSS-v9.2a Palatino w/ Pazo Math (D.Puga, WaS) 
\symupright=\mathgroup4
)
("C:\Users\Administrador\AppData\Local\Programs\MiKTeX 2.9\tex\latex\graphics\g
raphicx.sty"
Package: graphicx 2017/06/01 v1.1a Enhanced LaTeX Graphics (DPC,SPQR)

("C:\Users\Administrador\AppData\Local\Programs\MiKTeX 2.9\tex\latex\graphics\k
eyval.sty"
Package: keyval 2014/10/28 v1.15 key=value parser (DPC)
\KV@toks@=\toks14
)
("C:\Users\Administrador\AppData\Local\Programs\MiKTeX 2.9\tex\latex\graphics\g
raphics.sty"
Package: graphics 2017/06/25 v1.2c Standard LaTeX Graphics (DPC,SPQR)

("C:\Users\Administrador\AppData\Local\Programs\MiKTeX 2.9\tex\latex\graphics\t
rig.sty"
Package: trig 2016/01/03 v1.10 sin cos tan (DPC)
)
("C:\Users\Administrador\AppData\Local\Programs\MiKTeX 2.9\tex\latex\graphics-c
fg\graphics.cfg"
File: graphics.cfg 2016/06/04 v1.11 sample graphics configuration
)
Package graphics Info: Driver file: pdftex.def on input line 99.

("C:\Users\Administrador\AppData\Local\Programs\MiKTeX 2.9\tex\latex\graphics-d
ef\pdftex.def"
File: pdftex.def 2017/06/24 v1.0g Graphics/color driver for pdftex
))
\Gin@req@height=\dimen103
\Gin@req@width=\dimen104
) ("C:\Program Files\MiKTeX 2.9\tex/latex\caption\caption.sty"
Package: caption 2013/05/02 v3.3-89 Customizing captions (AR)

("C:\Program Files\MiKTeX 2.9\tex/latex\caption\caption3.sty"
Package: caption3 2013/05/02 v1.6-88 caption3 kernel (AR)
Package caption3 Info: TeX engine: e-TeX on input line 57.
\captionmargin=\dimen105
\captionmargin@=\dimen106
\captionwidth=\dimen107
\caption@tempdima=\dimen108
\caption@indent=\dimen109
\caption@parindent=\dimen110
\caption@hangindent=\dimen111
)
\c@ContinuedFloat=\count87
)
("C:\Program Files\MiKTeX 2.9\tex/latex\adjustbox\adjustbox.sty"
Package: adjustbox 2012/05/21 v1.0 Adjusting TeX boxes (trim, clip, ...)

("C:\Users\Administrador\AppData\Local\Programs\MiKTeX 2.9\tex\latex\xkeyval\xk
eyval.sty"
Package: xkeyval 2014/12/03 v2.7a package option processing (HA)

("C:\Users\Administrador\AppData\Local\Programs\MiKTeX 2.9\tex\generic\xkeyval\
xkeyval.tex"
("C:\Users\Administrador\AppData\Local\Programs\MiKTeX 2.9\tex\generic\xkeyval\
xkvutils.tex"
\XKV@toks=\toks15
\XKV@tempa@toks=\toks16
)
\XKV@depth=\count88
File: xkeyval.tex 2014/12/03 v2.7a key=value parser (HA)
)) ("C:\Program Files\MiKTeX 2.9\tex/latex\adjustbox\adjcalc.sty"
Package: adjcalc 2012/05/16 v1.1 Provides advanced setlength with multiple back
-ends (calc, etex, pgfmath)
) ("C:\Program Files\MiKTeX 2.9\tex/latex\adjustbox\trimclip.sty"
Package: trimclip 2012/05/16 v1.0 Trim and clip general TeX material

("C:\Program Files\MiKTeX 2.9\tex/latex\collectbox\collectbox.sty"
Package: collectbox 2012/05/17 v0.4b Collect macro arguments as boxes
\collectedbox=\box26
)
\tc@llx=\dimen112
\tc@lly=\dimen113
\tc@urx=\dimen114
\tc@ury=\dimen115
Package trimclip Info: Using driver 'tc-pdftex.def'.

("C:\Program Files\MiKTeX 2.9\tex/latex\adjustbox\tc-pdftex.def"
File: tc-pdftex.def 2012/05/13 v1.0 Clipping driver for pdftex
))
\adjbox@Width=\dimen116
\adjbox@Height=\dimen117
\adjbox@Depth=\dimen118
\adjbox@Totalheight=\dimen119

("C:\Program Files\MiKTeX 2.9\tex/latex\ifoddpage\ifoddpage.sty"
Package: ifoddpage 2011/09/13 v1.0 Conditionals for odd/even page detection
\c@checkoddpage=\count89
)
("C:\Users\Administrador\AppData\Local\Programs\MiKTeX 2.9\tex\latex\ltxmisc\va
rwidth.sty"
Package: varwidth 2009/03/30 ver 0.92;  Variable-width minipages
\@vwid@box=\box27
\sift@deathcycles=\count90
\@vwid@loff=\dimen120
\@vwid@roff=\dimen121
)) ("C:\Program Files\MiKTeX 2.9\tex/latex\xcolor\xcolor.sty"
Package: xcolor 2007/01/21 v2.11 LaTeX color extensions (UK)

("C:\Users\Administrador\AppData\Local\Programs\MiKTeX 2.9\tex\latex\graphics-c
fg\color.cfg"
File: color.cfg 2016/01/02 v1.6 sample color configuration
)
Package xcolor Info: Driver file: pdftex.def on input line 225.
Package xcolor Info: Model `cmy' substituted by `cmy0' on input line 1337.
Package xcolor Info: Model `hsb' substituted by `rgb' on input line 1341.
Package xcolor Info: Model `RGB' extended on input line 1353.
Package xcolor Info: Model `HTML' substituted by `rgb' on input line 1355.
Package xcolor Info: Model `Hsb' substituted by `hsb' on input line 1356.
Package xcolor Info: Model `tHsb' substituted by `hsb' on input line 1357.
Package xcolor Info: Model `HSB' substituted by `hsb' on input line 1358.
Package xcolor Info: Model `Gray' substituted by `gray' on input line 1359.
Package xcolor Info: Model `wave' substituted by `hsb' on input line 1360.
)
("C:\Users\Administrador\AppData\Local\Programs\MiKTeX 2.9\tex\latex\tools\enum
erate.sty"
Package: enumerate 2015/07/23 v3.00 enumerate extensions (DPC)
\@enLab=\toks17
)
("C:\Users\Administrador\AppData\Local\Programs\MiKTeX 2.9\tex\latex\geometry\g
eometry.sty"
Package: geometry 2010/09/12 v5.6 Page Geometry

("C:\Users\Administrador\AppData\Local\Programs\MiKTeX 2.9\tex\generic\oberdiek
\ifpdf.sty"
Package: ifpdf 2017/03/15 v3.2 Provides the ifpdf switch
)
("C:\Users\Administrador\AppData\Local\Programs\MiKTeX 2.9\tex\generic\oberdiek
\ifvtex.sty"
Package: ifvtex 2016/05/16 v1.6 Detect VTeX and its facilities (HO)
Package ifvtex Info: VTeX not detected.
)
("C:\Users\Administrador\AppData\Local\Programs\MiKTeX 2.9\tex\generic\ifxetex\
ifxetex.sty"
Package: ifxetex 2010/09/12 v0.6 Provides ifxetex conditional
)
\Gm@cnth=\count91
\Gm@cntv=\count92
\c@Gm@tempcnt=\count93
\Gm@bindingoffset=\dimen122
\Gm@wd@mp=\dimen123
\Gm@odd@mp=\dimen124
\Gm@even@mp=\dimen125
\Gm@layoutwidth=\dimen126
\Gm@layoutheight=\dimen127
\Gm@layouthoffset=\dimen128
\Gm@layoutvoffset=\dimen129
\Gm@dimlist=\toks18

("C:\Users\Administrador\AppData\Local\Programs\MiKTeX 2.9\tex\latex\geometry\g
eometry.cfg"))
("C:\Users\Administrador\AppData\Local\Programs\MiKTeX 2.9\tex\latex\amsmath\am
smath.sty"
Package: amsmath 2017/09/02 v2.17a AMS math features
\@mathmargin=\skip43

For additional information on amsmath, use the `?' option.

("C:\Users\Administrador\AppData\Local\Programs\MiKTeX 2.9\tex\latex\amsmath\am
stext.sty"
Package: amstext 2000/06/29 v2.01 AMS text

("C:\Users\Administrador\AppData\Local\Programs\MiKTeX 2.9\tex\latex\amsmath\am
sgen.sty"
File: amsgen.sty 1999/11/30 v2.0 generic functions
\@emptytoks=\toks19
\ex@=\dimen130
))
("C:\Users\Administrador\AppData\Local\Programs\MiKTeX 2.9\tex\latex\amsmath\am
sbsy.sty"
Package: amsbsy 1999/11/29 v1.2d Bold Symbols
\pmbraise@=\dimen131
)
("C:\Users\Administrador\AppData\Local\Programs\MiKTeX 2.9\tex\latex\amsmath\am
sopn.sty"
Package: amsopn 2016/03/08 v2.02 operator names
)
\inf@bad=\count94
LaTeX Info: Redefining \frac on input line 213.
\uproot@=\count95
\leftroot@=\count96
LaTeX Info: Redefining \overline on input line 375.
\classnum@=\count97
\DOTSCASE@=\count98
LaTeX Info: Redefining \ldots on input line 472.
LaTeX Info: Redefining \dots on input line 475.
LaTeX Info: Redefining \cdots on input line 596.
\Mathstrutbox@=\box28
\strutbox@=\box29
\big@size=\dimen132
LaTeX Font Info:    Redeclaring font encoding OML on input line 712.
LaTeX Font Info:    Redeclaring font encoding OMS on input line 713.
\macc@depth=\count99
\c@MaxMatrixCols=\count100
\dotsspace@=\muskip10
\c@parentequation=\count101
\dspbrk@lvl=\count102
\tag@help=\toks20
\row@=\count103
\column@=\count104
\maxfields@=\count105
\andhelp@=\toks21
\eqnshift@=\dimen133
\alignsep@=\dimen134
\tagshift@=\dimen135
\tagwidth@=\dimen136
\totwidth@=\dimen137
\lineht@=\dimen138
\@envbody=\toks22
\multlinegap=\skip44
\multlinetaggap=\skip45
\mathdisplay@stack=\toks23
LaTeX Info: Redefining \[ on input line 2817.
LaTeX Info: Redefining \] on input line 2818.
)
("C:\Users\Administrador\AppData\Local\Programs\MiKTeX 2.9\tex\latex\amsfonts\a
mssymb.sty"
Package: amssymb 2013/01/14 v3.01 AMS font symbols

("C:\Users\Administrador\AppData\Local\Programs\MiKTeX 2.9\tex\latex\amsfonts\a
msfonts.sty"
Package: amsfonts 2013/01/14 v3.01 Basic AMSFonts support
\symAMSa=\mathgroup5
\symAMSb=\mathgroup6
LaTeX Font Info:    Overwriting math alphabet `\mathfrak' in version `bold'
(Font)                  U/euf/m/n --> U/euf/b/n on input line 106.
))
("C:\Users\Administrador\AppData\Local\Programs\MiKTeX 2.9\tex\latex\base\textc
omp.sty"
Package: textcomp 2017/04/05 v2.0i Standard LaTeX package
Package textcomp Info: Sub-encoding information:
(textcomp)               5 = only ISO-Adobe without \textcurrency
(textcomp)               4 = 5 + \texteuro
(textcomp)               3 = 4 + \textohm
(textcomp)               2 = 3 + \textestimated + \textcurrency
(textcomp)               1 = TS1 - \textcircled - \t
(textcomp)               0 = TS1 (full)
(textcomp)             Font families with sub-encoding setting implement
(textcomp)             only a restricted character set as indicated.
(textcomp)             Family '?' is the default used for unknown fonts.
(textcomp)             See the documentation for details.
Package textcomp Info: Setting ? sub-encoding to TS1/1 on input line 79.

("C:\Users\Administrador\AppData\Local\Programs\MiKTeX 2.9\tex\latex\base\ts1en
c.def"
File: ts1enc.def 2001/06/05 v3.0e (jk/car/fm) Standard LaTeX file
)
LaTeX Info: Redefining \oldstylenums on input line 334.
Package textcomp Info: Setting cmr sub-encoding to TS1/0 on input line 349.
Package textcomp Info: Setting cmss sub-encoding to TS1/0 on input line 350.
Package textcomp Info: Setting cmtt sub-encoding to TS1/0 on input line 351.
Package textcomp Info: Setting cmvtt sub-encoding to TS1/0 on input line 352.
Package textcomp Info: Setting cmbr sub-encoding to TS1/0 on input line 353.
Package textcomp Info: Setting cmtl sub-encoding to TS1/0 on input line 354.
Package textcomp Info: Setting ccr sub-encoding to TS1/0 on input line 355.
Package textcomp Info: Setting ptm sub-encoding to TS1/4 on input line 356.
Package textcomp Info: Setting pcr sub-encoding to TS1/4 on input line 357.
Package textcomp Info: Setting phv sub-encoding to TS1/4 on input line 358.
Package textcomp Info: Setting ppl sub-encoding to TS1/3 on input line 359.
Package textcomp Info: Setting pag sub-encoding to TS1/4 on input line 360.
Package textcomp Info: Setting pbk sub-encoding to TS1/4 on input line 361.
Package textcomp Info: Setting pnc sub-encoding to TS1/4 on input line 362.
Package textcomp Info: Setting pzc sub-encoding to TS1/4 on input line 363.
Package textcomp Info: Setting bch sub-encoding to TS1/4 on input line 364.
Package textcomp Info: Setting put sub-encoding to TS1/5 on input line 365.
Package textcomp Info: Setting uag sub-encoding to TS1/5 on input line 366.
Package textcomp Info: Setting ugq sub-encoding to TS1/5 on input line 367.
Package textcomp Info: Setting ul8 sub-encoding to TS1/4 on input line 368.
Package textcomp Info: Setting ul9 sub-encoding to TS1/4 on input line 369.
Package textcomp Info: Setting augie sub-encoding to TS1/5 on input line 370.
Package textcomp Info: Setting dayrom sub-encoding to TS1/3 on input line 371.
Package textcomp Info: Setting dayroms sub-encoding to TS1/3 on input line 372.

Package textcomp Info: Setting pxr sub-encoding to TS1/0 on input line 373.
Package textcomp Info: Setting pxss sub-encoding to TS1/0 on input line 374.
Package textcomp Info: Setting pxtt sub-encoding to TS1/0 on input line 375.
Package textcomp Info: Setting txr sub-encoding to TS1/0 on input line 376.
Package textcomp Info: Setting txss sub-encoding to TS1/0 on input line 377.
Package textcomp Info: Setting txtt sub-encoding to TS1/0 on input line 378.
Package textcomp Info: Setting lmr sub-encoding to TS1/0 on input line 379.
Package textcomp Info: Setting lmdh sub-encoding to TS1/0 on input line 380.
Package textcomp Info: Setting lmss sub-encoding to TS1/0 on input line 381.
Package textcomp Info: Setting lmssq sub-encoding to TS1/0 on input line 382.
Package textcomp Info: Setting lmvtt sub-encoding to TS1/0 on input line 383.
Package textcomp Info: Setting lmtt sub-encoding to TS1/0 on input line 384.
Package textcomp Info: Setting qhv sub-encoding to TS1/0 on input line 385.
Package textcomp Info: Setting qag sub-encoding to TS1/0 on input line 386.
Package textcomp Info: Setting qbk sub-encoding to TS1/0 on input line 387.
Package textcomp Info: Setting qcr sub-encoding to TS1/0 on input line 388.
Package textcomp Info: Setting qcs sub-encoding to TS1/0 on input line 389.
Package textcomp Info: Setting qpl sub-encoding to TS1/0 on input line 390.
Package textcomp Info: Setting qtm sub-encoding to TS1/0 on input line 391.
Package textcomp Info: Setting qzc sub-encoding to TS1/0 on input line 392.
Package textcomp Info: Setting qhvc sub-encoding to TS1/0 on input line 393.
Package textcomp Info: Setting futs sub-encoding to TS1/4 on input line 394.
Package textcomp Info: Setting futx sub-encoding to TS1/4 on input line 395.
Package textcomp Info: Setting futj sub-encoding to TS1/4 on input line 396.
Package textcomp Info: Setting hlh sub-encoding to TS1/3 on input line 397.
Package textcomp Info: Setting hls sub-encoding to TS1/3 on input line 398.
Package textcomp Info: Setting hlst sub-encoding to TS1/3 on input line 399.
Package textcomp Info: Setting hlct sub-encoding to TS1/5 on input line 400.
Package textcomp Info: Setting hlx sub-encoding to TS1/5 on input line 401.
Package textcomp Info: Setting hlce sub-encoding to TS1/5 on input line 402.
Package textcomp Info: Setting hlcn sub-encoding to TS1/5 on input line 403.
Package textcomp Info: Setting hlcw sub-encoding to TS1/5 on input line 404.
Package textcomp Info: Setting hlcf sub-encoding to TS1/5 on input line 405.
Package textcomp Info: Setting pplx sub-encoding to TS1/3 on input line 406.
Package textcomp Info: Setting pplj sub-encoding to TS1/3 on input line 407.
Package textcomp Info: Setting ptmx sub-encoding to TS1/4 on input line 408.
Package textcomp Info: Setting ptmj sub-encoding to TS1/4 on input line 409.
) ("C:\Program Files\MiKTeX 2.9\tex/latex\upquote\upquote.sty"
Package: upquote 2012/04/19 v1.3 upright-quote and grave-accent glyphs in verba
tim
)
("C:\Users\Administrador\AppData\Local\Programs\MiKTeX 2.9\tex\latex\eurosym\eu
rosym.sty"
Package: eurosym 1998/08/06 v1.1 European currency symbol ``Euro''
\@eurobox=\box30
) ("C:\Program Files\MiKTeX 2.9\tex/latex\ucs\ucs.sty"
Package: ucs 2013/05/11 v2.2 UCS: Unicode input support

("C:\Program Files\MiKTeX 2.9\tex/latex\ucs\uni-global.def"
File: uni-global.def 2013/05/13 UCS: Unicode global data
)
\uc@secondtry=\count106
\uc@combtoks=\toks24
\uc@combtoksb=\toks25
\uc@temptokena=\toks26
)
("C:\Users\Administrador\AppData\Local\Programs\MiKTeX 2.9\tex\latex\base\input
enc.sty"
Package: inputenc 2015/03/17 v1.2c Input encoding file
\inpenc@prehook=\toks27
\inpenc@posthook=\toks28
 ("C:\Program Files\MiKTeX 2.9\tex/latex\ucs\utf8x.def"
File: utf8x.def 2004/10/17 UCS: Input encoding UTF-8
))
("C:\Program Files\MiKTeX 2.9\tex/latex\fancyvrb\fancyvrb.sty"
Package: fancyvrb 2008/02/07

Style option: `fancyvrb' v2.7a, with DG/SPQR fixes, and firstline=lastline fix 
<2008/02/07> (tvz)
\FV@CodeLineNo=\count107
\FV@InFile=\read1
\FV@TabBox=\box31
\c@FancyVerbLine=\count108
\FV@StepNumber=\count109
\FV@OutFile=\write3
)
("C:\Users\Administrador\AppData\Local\Programs\MiKTeX 2.9\tex\latex\oberdiek\g
rffile.sty"
Package: grffile 2016/05/16 v1.17 Extended file name support for graphics (HO)

("C:\Users\Administrador\AppData\Local\Programs\MiKTeX 2.9\tex\latex\oberdiek\k
voptions.sty"
Package: kvoptions 2016/05/16 v3.12 Key value format for package options (HO)

("C:\Users\Administrador\AppData\Local\Programs\MiKTeX 2.9\tex\generic\oberdiek
\ltxcmds.sty"
Package: ltxcmds 2016/05/16 v1.23 LaTeX kernel commands for general use (HO)
)
("C:\Users\Administrador\AppData\Local\Programs\MiKTeX 2.9\tex\generic\oberdiek
\kvsetkeys.sty"
Package: kvsetkeys 2016/05/16 v1.17 Key value parser (HO)

("C:\Users\Administrador\AppData\Local\Programs\MiKTeX 2.9\tex\generic\oberdiek
\infwarerr.sty"
Package: infwarerr 2016/05/16 v1.4 Providing info/warning/error messages (HO)
)
("C:\Users\Administrador\AppData\Local\Programs\MiKTeX 2.9\tex\generic\oberdiek
\etexcmds.sty"
Package: etexcmds 2016/05/16 v1.6 Avoid name clashes with e-TeX commands (HO)

("C:\Users\Administrador\AppData\Local\Programs\MiKTeX 2.9\tex\generic\oberdiek
\ifluatex.sty"
Package: ifluatex 2016/05/16 v1.4 Provides the ifluatex switch (HO)
Package ifluatex Info: LuaTeX not detected.
)
Package etexcmds Info: Could not find \expanded.
(etexcmds)             That can mean that you are not using pdfTeX 1.50 or
(etexcmds)             that some package has redefined \expanded.
(etexcmds)             In the latter case, load this package earlier.
)))
("C:\Users\Administrador\AppData\Local\Programs\MiKTeX 2.9\tex\generic\oberdiek
\pdftexcmds.sty"
Package: pdftexcmds 2017/03/19 v0.25 Utility functions of pdfTeX for LuaTeX (HO
)
Package pdftexcmds Info: LuaTeX not detected.
Package pdftexcmds Info: \pdf@primitive is available.
Package pdftexcmds Info: \pdf@ifprimitive is available.
Package pdftexcmds Info: \pdfdraftmode found.
)
Package grffile Info: Option `multidot' is set to `true'.
Package grffile Info: Option `extendedchars' is set to `false'.
Package grffile Info: Option `space' is set to `true'.
Package grffile Info: \Gin@ii of package `graphicx' fixed on input line 486.
)
("C:\Users\Administrador\AppData\Local\Programs\MiKTeX 2.9\tex\latex\hyperref\h
yperref.sty"
Package: hyperref 2017/03/14 v6.85a Hypertext links for LaTeX

("C:\Users\Administrador\AppData\Local\Programs\MiKTeX 2.9\tex\generic\oberdiek
\hobsub-hyperref.sty"
Package: hobsub-hyperref 2016/05/16 v1.14 Bundle oberdiek, subset hyperref (HO)


("C:\Users\Administrador\AppData\Local\Programs\MiKTeX 2.9\tex\generic\oberdiek
\hobsub-generic.sty"
Package: hobsub-generic 2016/05/16 v1.14 Bundle oberdiek, subset generic (HO)
Package: hobsub 2016/05/16 v1.14 Construct package bundles (HO)
Package hobsub Info: Skipping package `infwarerr' (already loaded).
Package hobsub Info: Skipping package `ltxcmds' (already loaded).
Package hobsub Info: Skipping package `ifluatex' (already loaded).
Package hobsub Info: Skipping package `ifvtex' (already loaded).
Package: intcalc 2016/05/16 v1.2 Expandable calculations with integers (HO)
Package hobsub Info: Skipping package `ifpdf' (already loaded).
Package hobsub Info: Skipping package `etexcmds' (already loaded).
Package hobsub Info: Skipping package `kvsetkeys' (already loaded).
Package: kvdefinekeys 2016/05/16 v1.4 Define keys (HO)
Package hobsub Info: Skipping package `pdftexcmds' (already loaded).
Package: pdfescape 2016/05/16 v1.14 Implements pdfTeX's escape features (HO)
Package: bigintcalc 2016/05/16 v1.4 Expandable calculations on big integers (HO
)
Package: bitset 2016/05/16 v1.2 Handle bit-vector datatype (HO)
Package: uniquecounter 2016/05/16 v1.3 Provide unlimited unique counter (HO)
)
Package hobsub Info: Skipping package `hobsub' (already loaded).
Package: letltxmacro 2016/05/16 v1.5 Let assignment for LaTeX macros (HO)
Package: hopatch 2016/05/16 v1.3 Wrapper for package hooks (HO)
Package: xcolor-patch 2016/05/16 xcolor patch
Package: atveryend 2016/05/16 v1.9 Hooks at the very end of document (HO)
Package atveryend Info: \enddocument detected (standard20110627).
Package: atbegshi 2016/06/09 v1.18 At begin shipout hook (HO)
Package: refcount 2016/05/16 v3.5 Data extraction from label references (HO)
Package: hycolor 2016/05/16 v1.8 Color options for hyperref/bookmark (HO)
)
("C:\Users\Administrador\AppData\Local\Programs\MiKTeX 2.9\tex\latex\oberdiek\a
uxhook.sty"
Package: auxhook 2016/05/16 v1.4 Hooks for auxiliary files (HO)
)
\@linkdim=\dimen139
\Hy@linkcounter=\count110
\Hy@pagecounter=\count111

("C:\Users\Administrador\AppData\Local\Programs\MiKTeX 2.9\tex\latex\hyperref\p
d1enc.def"
File: pd1enc.def 2017/03/14 v6.85a Hyperref: PDFDocEncoding definition (HO)
)
\Hy@SavedSpaceFactor=\count112

("C:\Users\Administrador\AppData\Local\Programs\MiKTeX 2.9\tex\latex\00miktex\h
yperref.cfg"
File: hyperref.cfg 2002/06/06 v1.2 hyperref configuration of TeXLive
)
Package hyperref Info: Hyper figures OFF on input line 4498.
Package hyperref Info: Link nesting OFF on input line 4503.
Package hyperref Info: Hyper index ON on input line 4506.
Package hyperref Info: Plain pages OFF on input line 4513.
Package hyperref Info: Backreferencing OFF on input line 4518.
Package hyperref Info: Implicit mode ON; LaTeX internals redefined.
Package hyperref Info: Bookmarks ON on input line 4751.
\c@Hy@tempcnt=\count113
 ("C:\Program Files\MiKTeX 2.9\tex/latex\url\url.sty"
\Urlmuskip=\muskip11
Package: url 2013/09/16  ver 3.4  Verb mode for urls, etc.
)
LaTeX Info: Redefining \url on input line 5104.
\XeTeXLinkMargin=\dimen140
\Fld@menulength=\count114
\Field@Width=\dimen141
\Fld@charsize=\dimen142
Package hyperref Info: Hyper figures OFF on input line 6358.
Package hyperref Info: Link nesting OFF on input line 6363.
Package hyperref Info: Hyper index ON on input line 6366.
Package hyperref Info: backreferencing OFF on input line 6373.
Package hyperref Info: Link coloring OFF on input line 6378.
Package hyperref Info: Link coloring with OCG OFF on input line 6383.
Package hyperref Info: PDF/A mode OFF on input line 6388.
LaTeX Info: Redefining \ref on input line 6428.
LaTeX Info: Redefining \pageref on input line 6432.
\Hy@abspage=\count115
\c@Item=\count116
\c@Hfootnote=\count117
)

Package hyperref Message: Driver (autodetected): hpdftex.


("C:\Users\Administrador\AppData\Local\Programs\MiKTeX 2.9\tex\latex\hyperref\h
pdftex.def"
File: hpdftex.def 2017/03/14 v6.85a Hyperref driver for pdfTeX
\Fld@listcount=\count118
\c@bookmark@seq@number=\count119

("C:\Users\Administrador\AppData\Local\Programs\MiKTeX 2.9\tex\latex\oberdiek\r
erunfilecheck.sty"
Package: rerunfilecheck 2016/05/16 v1.8 Rerun checks for auxiliary files (HO)
Package uniquecounter Info: New unique counter `rerunfilecheck' on input line 2
82.
)
\Hy@SectionHShift=\skip46
)
("C:\Users\Administrador\AppData\Local\Programs\MiKTeX 2.9\tex\latex\tools\long
table.sty"
Package: longtable 2014/10/28 v4.11 Multi-page Table package (DPC)
\LTleft=\skip47
\LTright=\skip48
\LTpre=\skip49
\LTpost=\skip50
\LTchunksize=\count120
\LTcapwidth=\dimen143
\LT@head=\box32
\LT@firsthead=\box33
\LT@foot=\box34
\LT@lastfoot=\box35
\LT@cols=\count121
\LT@rows=\count122
\c@LT@tables=\count123
\c@LT@chunks=\count124
\LT@p@ftn=\toks29
) ("C:\Program Files\MiKTeX 2.9\tex/latex\booktabs\booktabs.sty"
Package: booktabs 2005/04/14 v1.61803 publication quality tables
\heavyrulewidth=\dimen144
\lightrulewidth=\dimen145
\cmidrulewidth=\dimen146
\belowrulesep=\dimen147
\belowbottomsep=\dimen148
\aboverulesep=\dimen149
\abovetopsep=\dimen150
\cmidrulesep=\dimen151
\cmidrulekern=\dimen152
\defaultaddspace=\dimen153
\@cmidla=\count125
\@cmidlb=\count126
\@aboverulesep=\dimen154
\@belowrulesep=\dimen155
\@thisruleclass=\count127
\@lastruleclass=\count128
\@thisrulewidth=\dimen156
)
("C:\Program Files\MiKTeX 2.9\tex/latex\enumitem\enumitem.sty"
Package: enumitem 2011/09/28 v3.5.2 Customized lists
\labelindent=\skip51
\enit@outerparindent=\dimen157
\enit@toks=\toks30
\enit@inbox=\box36
\enitdp@description=\count129
)
("C:\Program Files\MiKTeX 2.9\tex/latex\ulem\ulem.sty"
\UL@box=\box37
\UL@hyphenbox=\box38
\UL@skip=\skip52
\UL@hook=\toks31
\UL@height=\dimen158
\UL@pe=\count130
\UL@pixel=\dimen159
\ULC@box=\box39
Package: ulem 2012/05/18
\ULdepth=\dimen160
)
("C:\Users\Administrador\AppData\Local\Programs\MiKTeX 2.9\tex\latex\jknappen\m
athrsfs.sty"
Package: mathrsfs 1996/01/01 Math RSFS package v1.0 (jk)
\symrsfs=\mathgroup7
)
Package hyperref Info: Option `breaklinks' set `true' on input line 278.
Package hyperref Info: Option `colorlinks' set `true' on input line 278.

("C:\Users\Administrador\Documents\GitHub\ia369-reprodutibilidade-cientifica\de
velopment notebooks\2019-06-03-finalizacao.aux")
LaTeX Font Info:    Checking defaults for OML/cmm/m/it on input line 285.
LaTeX Font Info:    ... okay on input line 285.
LaTeX Font Info:    Checking defaults for T1/cmr/m/n on input line 285.
LaTeX Font Info:    ... okay on input line 285.
LaTeX Font Info:    Checking defaults for OT1/cmr/m/n on input line 285.
LaTeX Font Info:    ... okay on input line 285.
LaTeX Font Info:    Checking defaults for OMS/cmsy/m/n on input line 285.
LaTeX Font Info:    ... okay on input line 285.
LaTeX Font Info:    Checking defaults for OMX/cmex/m/n on input line 285.
LaTeX Font Info:    ... okay on input line 285.
LaTeX Font Info:    Checking defaults for U/cmr/m/n on input line 285.
LaTeX Font Info:    ... okay on input line 285.
LaTeX Font Info:    Checking defaults for TS1/cmr/m/n on input line 285.
LaTeX Font Info:    Try loading font information for TS1+cmr on input line 285.


("C:\Users\Administrador\AppData\Local\Programs\MiKTeX 2.9\tex\latex\base\ts1cm
r.fd"
File: ts1cmr.fd 2014/09/29 v2.5h Standard LaTeX font definitions
)
LaTeX Font Info:    ... okay on input line 285.
LaTeX Font Info:    Checking defaults for PD1/pdf/m/n on input line 285.
LaTeX Font Info:    ... okay on input line 285.
LaTeX Font Info:    Try loading font information for T1+ppl on input line 285.

("C:\Users\Administrador\AppData\Local\Programs\MiKTeX 2.9\tex\latex\psnfss\t1p
pl.fd"
File: t1ppl.fd 2001/06/04 font definitions for T1/ppl.
) ("C:\Program Files\MiKTeX 2.9\tex\context\base\supp-pdf.mkii"
[Loading MPS to PDF converter (version 2006.09.02).]
\scratchcounter=\count131
\scratchdimen=\dimen161
\scratchbox=\box40
\nofMPsegments=\count132
\nofMParguments=\count133
\everyMPshowfont=\toks32
\MPscratchCnt=\count134
\MPscratchDim=\dimen162
\MPnumerator=\count135
\makeMPintoPDFobject=\count136
\everyMPtoPDFconversion=\toks33
)
("C:\Users\Administrador\AppData\Local\Programs\MiKTeX 2.9\tex\latex\oberdiek\e
pstopdf-base.sty"
Package: epstopdf-base 2016/05/15 v2.6 Base part for package epstopdf

("C:\Users\Administrador\AppData\Local\Programs\MiKTeX 2.9\tex\latex\oberdiek\g
rfext.sty"
Package: grfext 2016/05/16 v1.2 Manage graphics extensions (HO)
)
Package epstopdf-base Info: Redefining graphics rule for `.eps' on input line 4
38.
Package grfext Info: Graphics extension search list:
(grfext)             [.pdf,.png,.jpg,.mps,.jpeg,.jbig2,.jb2,.PDF,.PNG,.JPG,.JPE
G,.JBIG2,.JB2,.eps]
(grfext)             \AppendGraphicsExtensions on input line 456.
)
Package caption Info: Begin \AtBeginDocument code.
Package caption Info: hyperref package is loaded.
Package caption Info: longtable package is loaded.
 ("C:\Program Files\MiKTeX 2.9\tex/latex\caption\ltcaption.sty"
Package: ltcaption 2013/02/03 v1.3-62 longtable captions (AR)
)
Package caption Info: End \AtBeginDocument code.

*geometry* driver: auto-detecting
*geometry* detected driver: pdftex
*geometry* verbose mode - [ preamble ] result:
* driver: pdftex
* paper: <default>
* layout: <same size as paper>
* layoutoffset:(h,v)=(0.0pt,0.0pt)
* modes: 
* h-part:(L,W,R)=(72.26999pt, 469.75502pt, 72.26999pt)
* v-part:(T,H,B)=(72.26999pt, 650.43001pt, 72.26999pt)
* \paperwidth=614.295pt
* \paperheight=794.96999pt
* \textwidth=469.75502pt
* \textheight=650.43001pt
* \oddsidemargin=0.0pt
* \evensidemargin=0.0pt
* \topmargin=-37.0pt
* \headheight=12.0pt
* \headsep=25.0pt
* \topskip=11.0pt
* \footskip=30.0pt
* \marginparwidth=59.0pt
* \marginparsep=10.0pt
* \columnsep=10.0pt
* \skip\footins=10.0pt plus 4.0pt minus 2.0pt
* \hoffset=0.0pt
* \voffset=0.0pt
* \mag=1000
* \@twocolumnfalse
* \@twosidefalse
* \@mparswitchfalse
* \@reversemarginfalse
* (1in=72.27pt=25.4mm, 1cm=28.453pt)

("C:\Program Files\MiKTeX 2.9\tex/latex\ucs\ucsencs.def"
File: ucsencs.def 2011/01/21 Fixes to fontencodings LGR, T3
)
\AtBeginShipoutBox=\box41
Package hyperref Info: Link coloring ON on input line 285.

("C:\Users\Administrador\AppData\Local\Programs\MiKTeX 2.9\tex\latex\hyperref\n
ameref.sty"
Package: nameref 2016/05/21 v2.44 Cross-referencing by name of section

("C:\Users\Administrador\AppData\Local\Programs\MiKTeX 2.9\tex\generic\oberdiek
\gettitlestring.sty"
Package: gettitlestring 2016/05/16 v1.5 Cleanup title references (HO)
)
\c@section@level=\count137
)
LaTeX Info: Redefining \ref on input line 285.
LaTeX Info: Redefining \pageref on input line 285.
LaTeX Info: Redefining \nameref on input line 285.

("C:\Users\Administrador\Documents\GitHub\ia369-reprodutibilidade-cientifica\de
velopment notebooks\2019-06-03-finalizacao.out")
("C:\Users\Administrador\Documents\GitHub\ia369-reprodutibilidade-cientifica\de
velopment notebooks\2019-06-03-finalizacao.out")
\@outlinefile=\write4
LaTeX Font Info:    Try loading font information for OT1+ppl on input line 289.


("C:\Users\Administrador\AppData\Local\Programs\MiKTeX 2.9\tex\latex\psnfss\ot1
ppl.fd"
File: ot1ppl.fd 2001/06/04 font definitions for OT1/ppl.
)
LaTeX Font Info:    Try loading font information for OML+zplm on input line 289
.

("C:\Users\Administrador\AppData\Local\Programs\MiKTeX 2.9\tex\latex\psnfss\oml
zplm.fd"
File: omlzplm.fd 2002/09/08 Fontinst v1.914 font definitions for OML/zplm.
)
LaTeX Font Info:    Try loading font information for OMS+zplm on input line 289
.

("C:\Users\Administrador\AppData\Local\Programs\MiKTeX 2.9\tex\latex\psnfss\oms
zplm.fd"
File: omszplm.fd 2002/09/08 Fontinst v1.914 font definitions for OMS/zplm.
)
LaTeX Font Info:    Try loading font information for OMX+zplm on input line 289
.

("C:\Users\Administrador\AppData\Local\Programs\MiKTeX 2.9\tex\latex\psnfss\omx
zplm.fd"
File: omxzplm.fd 2002/09/08 Fontinst v1.914 font definitions for OMX/zplm.
)
LaTeX Font Info:    Try loading font information for OT1+zplm on input line 289
.

("C:\Users\Administrador\AppData\Local\Programs\MiKTeX 2.9\tex\latex\psnfss\ot1
zplm.fd"
File: ot1zplm.fd 2002/09/08 Fontinst v1.914 font definitions for OT1/zplm.
)
LaTeX Font Info:    Font shape `U/msa/m/n' will be
(Font)              scaled to size 12.50409pt on input line 289.
LaTeX Font Info:    Font shape `U/msa/m/n' will be
(Font)              scaled to size 9.37807pt on input line 289.
LaTeX Font Info:    Font shape `U/msa/m/n' will be
(Font)              scaled to size 7.29405pt on input line 289.
LaTeX Font Info:    Font shape `U/msb/m/n' will be
(Font)              scaled to size 12.50409pt on input line 289.
LaTeX Font Info:    Font shape `U/msb/m/n' will be
(Font)              scaled to size 9.37807pt on input line 289.
LaTeX Font Info:    Font shape `U/msb/m/n' will be
(Font)              scaled to size 7.29405pt on input line 289.
LaTeX Font Info:    Try loading font information for U+rsfs on input line 289.

("C:\Users\Administrador\AppData\Local\Programs\MiKTeX 2.9\tex\latex\jknappen\u
rsfs.fd"
File: ursfs.fd 1998/03/24 rsfs font definition file (jk)
)

LaTeX Warning: No \author given.

("C:\Program Files\MiKTeX 2.9\tex/latex\ucs\uni-0.def"
File: uni-0.def 2013/05/13 UCS: Unicode data U+0000..U+00FF
)
LaTeX Font Info:    Font shape `T1/ppl/bx/n' in size <12> not available
(Font)              Font shape `T1/ppl/b/n' tried instead on input line 297.
LaTeX Font Info:    Font shape `T1/ppl/bx/n' in size <14.4> not available
(Font)              Font shape `T1/ppl/b/n' tried instead on input line 299.
LaTeX Font Info:    Font shape `T1/ppl/bx/n' in size <10.95> not available
(Font)              Font shape `T1/ppl/b/n' tried instead on input line 303.


LaTeX Warning: Citation `Kamath2019' on page 1 undefined on input line 303.


LaTeX Warning: Citation `Cipolla2013' on page 1 undefined on input line 303.


LaTeX Warning: Citation `Duda2000' on page 1 undefined on input line 304.


LaTeX Warning: Citation `Bishop2006' on page 1 undefined on input line 305.


LaTeX Warning: Citation `Samuel1959' on page 1 undefined on input line 310.


LaTeX Warning: Citation `Hastie2009' on page 1 undefined on input line 313.


LaTeX Warning: Citation `Bishop2006' on page 1 undefined on input line 319.


LaTeX Warning: Citation `haykin-rn' on page 1 undefined on input line 320.


LaTeX Warning: Citation `haykin-rn' on page 1 undefined on input line 324.


LaTeX Warning: Citation `Bishop2006' on page 1 undefined on input line 327.


LaTeX Warning: Citation `Bishop2006' on page 1 undefined on input line 328.


LaTeX Warning: Citation `ONeil2016' on page 1 undefined on input line 333.


LaTeX Warning: Citation `ONeil2016' on page 1 undefined on input line 334.


LaTeX Warning: Citation `Chouldechova2017' on page 1 undefined on input line 33
5.


LaTeX Warning: Citation `ONeil2016' on page 1 undefined on input line 341.


LaTeX Warning: Citation `Hyvarinen2001' on page 1 undefined on input line 346.


LaTeX Warning: Citation `Zafar2017' on page 1 undefined on input line 348.

[1

{C:/Users/Administrador/AppData/Local/MiKTeX/2.9/pdftex/config/pdftex.map}]
Underfull \hbox (badness 10000) in paragraph at lines 356--364
\T1/ppl/m/n/10.95 Neste tra-balho, us-are-mos o Adult Data Set (Disponível em:
 []

<2019-06-03-finalizacao_files/2019-06-03-finalizacao_10_0.png, id=70, 406.51875
pt x 266.9975pt>
File: 2019-06-03-finalizacao_files/2019-06-03-finalizacao_10_0.png Graphic file
 (type png)
<use 2019-06-03-finalizacao_files/2019-06-03-finalizacao_10_0.png>
Package pdftex.def Info: 2019-06-03-finalizacao_files/2019-06-03-finalizacao_10
_0.png  used on input line 379. on input line 379.
Package pdftex.def Info: Requested size: 406.51775pt x 266.99683pt on input lin
e 379.

Underfull \hbox (badness 10000) in paragraph at lines 381--382

 []

[2 <C:/Users/Administrador/Documents/GitHub/ia369-reprodutibilidade-cientifica/
development notebooks/2019-06-03-finalizacao_files/2019-06-03-finalizacao_10_0.
png>]
LaTeX Font Info:    Try loading font information for T1+cmtt on input line 386.


("C:\Users\Administrador\AppData\Local\Programs\MiKTeX 2.9\tex\latex\base\t1cmt
t.fd"
File: t1cmtt.fd 2014/09/29 v2.5h Standard LaTeX font definitions
)
<2019-06-03-finalizacao_files/2019-06-03-finalizacao_14_1.png, id=78, 406.51875
pt x 266.9975pt>
File: 2019-06-03-finalizacao_files/2019-06-03-finalizacao_14_1.png Graphic file
 (type png)
<use 2019-06-03-finalizacao_files/2019-06-03-finalizacao_14_1.png>
Package pdftex.def Info: 2019-06-03-finalizacao_files/2019-06-03-finalizacao_14
_1.png  used on input line 391. on input line 391.
Package pdftex.def Info: Requested size: 406.51775pt x 266.99683pt on input lin
e 391.

Underfull \hbox (badness 10000) in paragraph at lines 393--394

 []

<2019-06-03-finalizacao_files/2019-06-03-finalizacao_17_1.png, id=79, 406.51875
pt x 266.9975pt>
File: 2019-06-03-finalizacao_files/2019-06-03-finalizacao_17_1.png Graphic file
 (type png)
<use 2019-06-03-finalizacao_files/2019-06-03-finalizacao_17_1.png>
Package pdftex.def Info: 2019-06-03-finalizacao_files/2019-06-03-finalizacao_17
_1.png  used on input line 404. on input line 404.
Package pdftex.def Info: Requested size: 406.51775pt x 266.99683pt on input lin
e 404.
[3 <C:/Users/Administrador/Documents/GitHub/ia369-reprodutibilidade-cientifica/
development notebooks/2019-06-03-finalizacao_files/2019-06-03-finalizacao_14_1.
png>]
Underfull \hbox (badness 10000) in paragraph at lines 406--407

 []

[4 <C:/Users/Administrador/Documents/GitHub/ia369-reprodutibilidade-cientifica/
development notebooks/2019-06-03-finalizacao_files/2019-06-03-finalizacao_17_1.
png>]
<../fig/WorkflowIA369.png, id=93, 1076.02pt x 934.49126pt>
File: ../fig/WorkflowIA369.png Graphic file (type png)
<use ../fig/WorkflowIA369.png>
Package pdftex.def Info: ../fig/WorkflowIA369.png  used on input line 469. on i
nput line 469.
Package pdftex.def Info: Requested size: 375.80544pt x 326.37814pt on input lin
e 469.
 [5 <C:/Users/Administrador/Documents/GitHub/ia369-reprodutibilidade-cientifica
/fig/WorkflowIA369.png>]
<2019-06-03-finalizacao_files/2019-06-03-finalizacao_29_0.png, id=104, 1950.286
25pt x 1534.73375pt>
File: 2019-06-03-finalizacao_files/2019-06-03-finalizacao_29_0.png Graphic file
 (type png)
<use 2019-06-03-finalizacao_files/2019-06-03-finalizacao_29_0.png>
Package pdftex.def Info: 2019-06-03-finalizacao_files/2019-06-03-finalizacao_29
_0.png  used on input line 496. on input line 496.
Package pdftex.def Info: Requested size: 1950.28151pt x 1534.73003pt on input l
ine 496.

Underfull \hbox (badness 10000) in paragraph at lines 498--499

 []

[6 <C:/Users/Administrador/Documents/GitHub/ia369-reprodutibilidade-cientifica/
development notebooks/2019-06-03-finalizacao_files/2019-06-03-finalizacao_29_0.
png>]
<2019-06-03-finalizacao_files/2019-06-03-finalizacao_35_0.png, id=110, 1950.286
25pt x 1534.73375pt>
File: 2019-06-03-finalizacao_files/2019-06-03-finalizacao_35_0.png Graphic file
 (type png)
<use 2019-06-03-finalizacao_files/2019-06-03-finalizacao_35_0.png>
Package pdftex.def Info: 2019-06-03-finalizacao_files/2019-06-03-finalizacao_35
_0.png  used on input line 522. on input line 522.
Package pdftex.def Info: Requested size: 1950.28151pt x 1534.73003pt on input l
ine 522.

Underfull \hbox (badness 10000) in paragraph at lines 524--525

 []

[7 <C:/Users/Administrador/Documents/GitHub/ia369-reprodutibilidade-cientifica/
development notebooks/2019-06-03-finalizacao_files/2019-06-03-finalizacao_35_0.
png>]
<2019-06-03-finalizacao_files/2019-06-03-finalizacao_40_0.png, id=117, 1950.286
25pt x 1534.73375pt>
File: 2019-06-03-finalizacao_files/2019-06-03-finalizacao_40_0.png Graphic file
 (type png)
<use 2019-06-03-finalizacao_files/2019-06-03-finalizacao_40_0.png>
Package pdftex.def Info: 2019-06-03-finalizacao_files/2019-06-03-finalizacao_40
_0.png  used on input line 542. on input line 542.
Package pdftex.def Info: Requested size: 1950.28151pt x 1534.73003pt on input l
ine 542.

Underfull \hbox (badness 10000) in paragraph at lines 544--545

 []

[8 <C:/Users/Administrador/Documents/GitHub/ia369-reprodutibilidade-cientifica/
development notebooks/2019-06-03-finalizacao_files/2019-06-03-finalizacao_40_0.
png>]
Package atveryend Info: Empty hook `BeforeClearDocument' on input line 631.
 [9]
Package atveryend Info: Empty hook `AfterLastShipout' on input line 631.

("C:\Users\Administrador\Documents\GitHub\ia369-reprodutibilidade-cientifica\de
velopment notebooks\2019-06-03-finalizacao.aux")
Package atveryend Info: Executing hook `AtVeryEndDocument' on input line 631.
Package atveryend Info: Executing hook `AtEndAfterFileList' on input line 631.
Package rerunfilecheck Info: File `2019-06-03-finalizacao.out' has not changed.

(rerunfilecheck)             Checksum: 54D9227223CBD03839D1E8A99F15036D;945.


LaTeX Warning: There were undefined references.


LaTeX Warning: Label(s) may have changed. Rerun to get cross-references right.

Package atveryend Info: Empty hook `AtVeryVeryEnd' on input line 631.
 ) 
Here is how much of TeX's memory you used:
 11406 strings out of 493921
 174439 string characters out of 3147258
 260744 words of memory out of 3000000
 14447 multiletter control sequences out of 15000+200000
 24168 words of font info for 57 fonts, out of 3000000 for 9000
 841 hyphenation exceptions out of 8191
 36i,6n,75p,399b,480s stack positions out of 5000i,500n,10000p,200000b,50000s
{C:/Program Files/MiKTeX 2.9/fonts/enc/dvips/cm-super/cm-super-t1.enc}{C:/Use
rs/Administrador/AppData/Local/Programs/MiKTeX 2.9/fonts/enc/dvips/base/8r.enc}
<C:/Program Files/MiKTeX 2.9/fonts/type1/public/cm-super/sftt1095.pfb><C:/Users
/Administrador/AppData/Local/Programs/MiKTeX 2.9/fonts/type1/urw/palatino/uplb8
a.pfb><C:/Users/Administrador/AppData/Local/Programs/MiKTeX 2.9/fonts/type1/urw
/palatino/uplr8a.pfb><C:/Users/Administrador/AppData/Local/Programs/MiKTeX 2.9/
fonts/type1/urw/palatino/uplri8a.pfb>
Output written on 2019-06-03-finalizacao.pdf (9 pages, 718283 bytes).
PDF statistics:
 152 PDF objects out of 1000 (max. 8388607)
 32 named destinations out of 1000 (max. 500000)
 156 words of extra memory for PDF output out of 10000 (max. 10000000)

